

*******************************************************************************
Fri Dec 25 16:29:03 2020


FIT:    data read from 'aa.txt' using 1:3
        format = x:z
        #datapoints = 300
        residuals are weighted equally (unit weight)

function used for fitting: f(x)
	f(x)=a*x+b
fitted parameters initialized with current variable values



*******************************************************************************
Fri Dec 25 16:29:22 2020


FIT:    data read from 'aa.txt' using 1:3
        format = x:z
        #datapoints = 300
        residuals are weighted equally (unit weight)

function used for fitting: f(x)
	f(x)=a*x+b
fitted parameters initialized with current variable values

iter      chisq       delta/lim  lambda   a             b            
   0 8.5730861688e+08   0.00e+00  1.23e+03    1.000000e+00   1.000000e+00
   6 1.4657298390e+04  -9.53e-07  1.23e-03    3.457424e-02  -1.525822e+01

After 6 iterations the fit converged.
final sum of squares of residuals : 14657.3
rel. change during last iteration : -9.53309e-12

degrees of freedom    (FIT_NDF)                        : 298
rms of residuals      (FIT_STDFIT) = sqrt(WSSR/ndf)    : 7.01324
variance of residuals (reduced chisquare) = WSSR/ndf   : 49.1856

Final set of parameters            Asymptotic Standard Error
=======================            ==========================
a               = 0.0345742        +/- 0.0004676    (1.352%)
b               = -15.2582         +/- 0.8118       (5.321%)

correlation matrix of the fit parameters:
                a      b      
a               1.000 
b              -0.867  1.000 
